

Started GET "/static_pages/home" for 127.0.0.1 at 2016-02-15 00:23:01 +0530
Processing by StaticPagesController#home as HTML
  Rendered static_pages/home.html.erb within layouts/application (9.9ms)
Completed 200 OK in 1593ms (Views: 1565.8ms | ActiveRecord: 0.0ms)


Started GET "/assets/static_pages.self-e3b0c44298fc1c149afbf4c8996fb92427ae41e4649b934ca495991b7852b855.css?body=1" for 127.0.0.1 at 2016-02-15 00:23:03 +0530


Started GET "/assets/application.self-e80e8f2318043e8af94dddc2adad5a4f09739a8ebb323b3ab31cd71d45fd9113.css?body=1" for 127.0.0.1 at 2016-02-15 00:23:03 +0530


Started GET "/assets/jquery_ujs.self-8e98a7a072a6cee1372d19fff9ff3e6aa1e39a37d89d6f06861637d061113ee7.js?body=1" for 127.0.0.1 at 2016-02-15 00:23:03 +0530


Started GET "/assets/turbolinks.self-c846e670826600e8c91b1a5ada3e6547110d996cd6ff24cde55024f7a135a1b4.js?body=1" for 127.0.0.1 at 2016-02-15 00:23:03 +0530


Started GET "/assets/jquery.self-d03a5518f45df77341bdbe6201ba3bfa547ebba8ed64f0ea56bfa5f96ea7c074.js?body=1" for 127.0.0.1 at 2016-02-15 00:23:03 +0530


Started GET "/assets/application.self-3b8dabdc891efe46b9a144b400ad69e37d7e5876bdc39dee783419a69d7ca819.js?body=1" for 127.0.0.1 at 2016-02-15 00:23:03 +0530


Started GET "/assets/static_pages.self-877aef30ae1b040ab8a3aba4e3e309a11d7f2612f44dde450b5c157aa5f95c05.js?body=1" for 127.0.0.1 at 2016-02-15 00:23:03 +0530


Started GET "/static_pages/help" for 127.0.0.1 at 2016-02-15 00:26:37 +0530
Processing by StaticPagesController#help as HTML
  Rendered static_pages/help.html.erb within layouts/application (0.7ms)
Completed 200 OK in 30ms (Views: 28.7ms | ActiveRecord: 0.0ms)


Started GET "/users" for 127.0.0.1 at 2016-02-15 11:02:55 +0530

ActionController::RoutingError (No route matches [GET] "/users"):
  web-console (2.0.0.beta3) lib/action_dispatch/debug_exceptions.rb:22:in `middleware_call'
  web-console (2.0.0.beta3) lib/action_dispatch/debug_exceptions.rb:13:in `call'
  actionpack (4.2.2) lib/action_dispatch/middleware/show_exceptions.rb:30:in `call'
  railties (4.2.2) lib/rails/rack/logger.rb:38:in `call_app'
  railties (4.2.2) lib/rails/rack/logger.rb:20:in `block in call'
  activesupport (4.2.2) lib/active_support/tagged_logging.rb:68:in `block in tagged'
  activesupport (4.2.2) lib/active_support/tagged_logging.rb:26:in `tagged'
  activesupport (4.2.2) lib/active_support/tagged_logging.rb:68:in `tagged'
  railties (4.2.2) lib/rails/rack/logger.rb:20:in `call'
  actionpack (4.2.2) lib/action_dispatch/middleware/request_id.rb:21:in `call'
  rack (1.6.4) lib/rack/methodoverride.rb:22:in `call'
  rack (1.6.4) lib/rack/runtime.rb:18:in `call'
  activesupport (4.2.2) lib/active_support/cache/strategy/local_cache_middleware.rb:28:in `call'
  rack (1.6.4) lib/rack/lock.rb:17:in `call'
  actionpack (4.2.2) lib/action_dispatch/middleware/static.rb:113:in `call'
  rack (1.6.4) lib/rack/sendfile.rb:113:in `call'
  railties (4.2.2) lib/rails/engine.rb:518:in `call'
  railties (4.2.2) lib/rails/application.rb:164:in `call'
  rack (1.6.4) lib/rack/lock.rb:17:in `call'
  rack (1.6.4) lib/rack/content_length.rb:15:in `call'
  rack (1.6.4) lib/rack/handler/webrick.rb:88:in `service'
  /home/rushil/.rvm/rubies/ruby-2.2.3/lib/ruby/2.2.0/webrick/httpserver.rb:138:in `service'
  /home/rushil/.rvm/rubies/ruby-2.2.3/lib/ruby/2.2.0/webrick/httpserver.rb:94:in `run'
  /home/rushil/.rvm/rubies/ruby-2.2.3/lib/ruby/2.2.0/webrick/server.rb:294:in `block in start_thread'


  Rendered /home/rushil/.rvm/gems/ruby-2.2.3/gems/web-console-2.0.0.beta3/lib/action_dispatch/templates/rescues/_trace.html.erb (3.5ms)
  Rendered /home/rushil/.rvm/gems/ruby-2.2.3/gems/web-console-2.0.0.beta3/lib/action_dispatch/templates/rescues/routing_error.html.erb within rescues/layout (42.2ms)


Started GET "/static_pages" for 127.0.0.1 at 2016-02-15 11:03:08 +0530

ActionController::RoutingError (No route matches [GET] "/static_pages"):
  web-console (2.0.0.beta3) lib/action_dispatch/debug_exceptions.rb:22:in `middleware_call'
  web-console (2.0.0.beta3) lib/action_dispatch/debug_exceptions.rb:13:in `call'
  actionpack (4.2.2) lib/action_dispatch/middleware/show_exceptions.rb:30:in `call'
  railties (4.2.2) lib/rails/rack/logger.rb:38:in `call_app'
  railties (4.2.2) lib/rails/rack/logger.rb:20:in `block in call'
  activesupport (4.2.2) lib/active_support/tagged_logging.rb:68:in `block in tagged'
  activesupport (4.2.2) lib/active_support/tagged_logging.rb:26:in `tagged'
  activesupport (4.2.2) lib/active_support/tagged_logging.rb:68:in `tagged'
  railties (4.2.2) lib/rails/rack/logger.rb:20:in `call'
  actionpack (4.2.2) lib/action_dispatch/middleware/request_id.rb:21:in `call'
  rack (1.6.4) lib/rack/methodoverride.rb:22:in `call'
  rack (1.6.4) lib/rack/runtime.rb:18:in `call'
  activesupport (4.2.2) lib/active_support/cache/strategy/local_cache_middleware.rb:28:in `call'
  rack (1.6.4) lib/rack/lock.rb:17:in `call'
  actionpack (4.2.2) lib/action_dispatch/middleware/static.rb:113:in `call'
  rack (1.6.4) lib/rack/sendfile.rb:113:in `call'
  railties (4.2.2) lib/rails/engine.rb:518:in `call'
  railties (4.2.2) lib/rails/application.rb:164:in `call'
  rack (1.6.4) lib/rack/lock.rb:17:in `call'
  rack (1.6.4) lib/rack/content_length.rb:15:in `call'
  rack (1.6.4) lib/rack/handler/webrick.rb:88:in `service'
  /home/rushil/.rvm/rubies/ruby-2.2.3/lib/ruby/2.2.0/webrick/httpserver.rb:138:in `service'
  /home/rushil/.rvm/rubies/ruby-2.2.3/lib/ruby/2.2.0/webrick/httpserver.rb:94:in `run'
  /home/rushil/.rvm/rubies/ruby-2.2.3/lib/ruby/2.2.0/webrick/server.rb:294:in `block in start_thread'


  Rendered /home/rushil/.rvm/gems/ruby-2.2.3/gems/web-console-2.0.0.beta3/lib/action_dispatch/templates/rescues/_trace.html.erb (2.3ms)
  Rendered /home/rushil/.rvm/gems/ruby-2.2.3/gems/web-console-2.0.0.beta3/lib/action_dispatch/templates/rescues/routing_error.html.erb within rescues/layout (21.3ms)


Started GET "/static_pages/about" for 127.0.0.1 at 2016-02-15 11:03:13 +0530
Processing by StaticPagesController#about as HTML
  Rendered static_pages/about.html.erb within layouts/application (0.4ms)
Completed 200 OK in 245ms (Views: 175.2ms | ActiveRecord: 0.0ms)
